Booking created: BK202507090670 by admin16
Booking created: BK202507099491 by admin16
Failed to get M-Pesa access token: 400 Client Error: Bad Request for url: https://sandbox.safaricom.co.ke/oauth/v1/generate?grant_type=client_credentials
M-Pesa STK Push failed for BK202507099491: Access token error: 400 Client Error: Bad Request for url: https://sandbox.safaricom.co.ke/oauth/v1/generate?grant_type=client_credentials
M-Pesa payment initiation failed for booking BK202507099491: {'success': False, 'error': 'Access token error: 400 Client Error: Bad Request for url: https://sandbox.safaricom.co.ke/oauth/v1/generate?grant_type=client_credentials', 'response_description': 'Payment initiation failed'}
Successfully obtained M-Pesa access token
M-Pesa STK Push initiated for BK202507099491: {'MerchantRequestID': '4fa1-4cef-a2ac-ee85b585aad58419', 'CheckoutRequestID': 'ws_CO_10072025120357936700764847', 'ResponseCode': '0', 'ResponseDescription': 'Success. Request accepted for processing', 'CustomerMessage': 'Success. Request accepted for processing'}
M-Pesa payment initiated for booking BK202507099491
Successfully obtained M-Pesa access token
M-Pesa STK Push initiated for BK202507099491: {'MerchantRequestID': '2125-44ce-973c-4255e836d09145459', 'CheckoutRequestID': 'ws_CO_10072025124210851794714584', 'ResponseCode': '0', 'ResponseDescription': 'Success. Request accepted for processing', 'CustomerMessage': 'Success. Request accepted for processing'}
M-Pesa payment initiated for booking BK202507099491
Booking created: BK202507165742 by admin16
Successfully obtained M-Pesa access token
M-Pesa STK Push initiated for BK202507165742: {'MerchantRequestID': '435b-4a8c-8d6e-843c3fd0995240716', 'CheckoutRequestID': 'ws_CO_16072025120834008758736504', 'ResponseCode': '0', 'ResponseDescription': 'Success. Request accepted for processing', 'CustomerMessage': 'Success. Request accepted for processing'}
M-Pesa payment initiated for booking BK202507165742
Failed to get M-Pesa access token: HTTPSConnectionPool(host='sandbox.safaricom.co.ke', port=443): Max retries exceeded with url: /oauth/v1/generate?grant_type=client_credentials (Caused by NameResolutionError("<urllib3.connection.HTTPSConnection object at 0x0000029869614980>: Failed to resolve 'sandbox.safaricom.co.ke' ([Errno 11001] getaddrinfo failed)"))
M-Pesa STK Push failed for WALKIN-1-20250718185709: Access token error: HTTPSConnectionPool(host='sandbox.safaricom.co.ke', port=443): Max retries exceeded with url: /oauth/v1/generate?grant_type=client_credentials (Caused by NameResolutionError("<urllib3.connection.HTTPSConnection object at 0x0000029869614980>: Failed to resolve 'sandbox.safaricom.co.ke' ([Errno 11001] getaddrinfo failed)"))
Failed to get M-Pesa access token: HTTPSConnectionPool(host='sandbox.safaricom.co.ke', port=443): Max retries exceeded with url: /oauth/v1/generate?grant_type=client_credentials (Caused by NameResolutionError("<urllib3.connection.HTTPSConnection object at 0x000002986850D090>: Failed to resolve 'sandbox.safaricom.co.ke' ([Errno 11001] getaddrinfo failed)"))
M-Pesa STK Push failed for WALKIN-1-20250718185717: Access token error: HTTPSConnectionPool(host='sandbox.safaricom.co.ke', port=443): Max retries exceeded with url: /oauth/v1/generate?grant_type=client_credentials (Caused by NameResolutionError("<urllib3.connection.HTTPSConnection object at 0x000002986850D090>: Failed to resolve 'sandbox.safaricom.co.ke' ([Errno 11001] getaddrinfo failed)"))
Failed to get M-Pesa access token: HTTPSConnectionPool(host='sandbox.safaricom.co.ke', port=443): Max retries exceeded with url: /oauth/v1/generate?grant_type=client_credentials (Caused by NameResolutionError("<urllib3.connection.HTTPSConnection object at 0x000002986982B750>: Failed to resolve 'sandbox.safaricom.co.ke' ([Errno 11001] getaddrinfo failed)"))
M-Pesa STK Push failed for WALKIN-1-20250718185718: Access token error: HTTPSConnectionPool(host='sandbox.safaricom.co.ke', port=443): Max retries exceeded with url: /oauth/v1/generate?grant_type=client_credentials (Caused by NameResolutionError("<urllib3.connection.HTTPSConnection object at 0x000002986982B750>: Failed to resolve 'sandbox.safaricom.co.ke' ([Errno 11001] getaddrinfo failed)"))
Successfully obtained M-Pesa access token
M-Pesa STK Push initiated for WALKIN-3-20250718223924: {'MerchantRequestID': '7c9c-4d2f-b134-81e738590abf27808', 'CheckoutRequestID': 'ws_CO_19072025013927481700764847', 'ResponseCode': '0', 'ResponseDescription': 'Success. Request accepted for processing', 'CustomerMessage': 'Success. Request accepted for processing'}
Successfully obtained M-Pesa access token
M-Pesa STK Push initiated for WALKIN-3-20250718232310: {'MerchantRequestID': '6ea8-4720-b19f-46a7bc44753e28458', 'CheckoutRequestID': 'ws_CO_19072025022543178700764847', 'ResponseCode': '0', 'ResponseDescription': 'Success. Request accepted for processing', 'CustomerMessage': 'Success. Request accepted for processing'}
Booking created: BK202507212490 by admin16
Failed to get M-Pesa access token: HTTPSConnectionPool(host='sandbox.safaricom.co.ke', port=443): Max retries exceeded with url: /oauth/v1/generate?grant_type=client_credentials (Caused by NameResolutionError("<urllib3.connection.HTTPSConnection object at 0x0000025521C39550>: Failed to resolve 'sandbox.safaricom.co.ke' ([Errno 11001] getaddrinfo failed)"))
M-Pesa STK Push failed for BK202507212490: Access token error: HTTPSConnectionPool(host='sandbox.safaricom.co.ke', port=443): Max retries exceeded with url: /oauth/v1/generate?grant_type=client_credentials (Caused by NameResolutionError("<urllib3.connection.HTTPSConnection object at 0x0000025521C39550>: Failed to resolve 'sandbox.safaricom.co.ke' ([Errno 11001] getaddrinfo failed)"))
M-Pesa payment initiation failed for booking BK202507212490: {'success': False, 'error': 'Access token error: HTTPSConnectionPool(host=\'sandbox.safaricom.co.ke\', port=443): Max retries exceeded with url: /oauth/v1/generate?grant_type=client_credentials (Caused by NameResolutionError("<urllib3.connection.HTTPSConnection object at 0x0000025521C39550>: Failed to resolve \'sandbox.safaricom.co.ke\' ([Errno 11001] getaddrinfo failed)"))', 'response_description': 'Payment initiation failed'}
Booking created: BK202507243222 by admin16
Successfully obtained M-Pesa access token
M-Pesa STK Push initiated for BK202507212490: {'MerchantRequestID': '867d-4ca2-8511-38a4b762b49c11676', 'CheckoutRequestID': 'ws_CO_240720251448461700764847', 'ResponseCode': '0', 'ResponseDescription': 'Success. Request accepted for processing', 'CustomerMessage': 'Success. Request accepted for processing'}
M-Pesa payment initiated for booking BK202507212490
Booking created: BK202507248712 by admin16
Booking created: BK202507245639 by admin16
Booking created: BK202507249603 by admin16
Booking created: BK202507244087 by admin16
Booking created: BK202507243808 by admin16
Booking created: BK202507249413 by admin16
Booking created: BK202507242932 by admin16
Booking created: BK202507258119 by admin16
Booking created: BK202507251280 by admin16
Booking deleted: BK202507258119 by admin16
Booking deleted: BK202507212490 by admin16
Booking deleted: BK202507243222 by admin16
Booking deleted: BK202507251280 by admin16
Booking deleted: BK202507242932 by admin16
Booking created: BK202507258734 by admin16
Booking created: BK202507257154 by admin16
Booking created: BK202507258835 by admin16
Booking deleted: BK202507248712 by admin16
Booking deleted: BK202507258835 by admin16
Booking deleted: BK202507257154 by admin16
Booking creation error: {'booking_date': [ErrorDetail(string='Booking date must be in the future.', code='invalid')]}
Booking created: BK202507250956 by admin16
Booking created successfully: ID=15, Number=BK202507250956
Booking created: BK202507258319 by admin16
Booking created successfully: ID=16, Number=BK202507258319
Failed to get M-Pesa access token: 400 Client Error: Bad Request for url: https://sandbox.safaricom.co.ke/oauth/v1/generate?grant_type=client_credentials
M-Pesa STK Push failed for BK202507258319: Access token error: 400 Client Error: Bad Request for url: https://sandbox.safaricom.co.ke/oauth/v1/generate?grant_type=client_credentials
M-Pesa payment initiation failed for booking BK202507258319: {'success': False, 'error': 'Access token error: 400 Client Error: Bad Request for url: https://sandbox.safaricom.co.ke/oauth/v1/generate?grant_type=client_credentials', 'response_description': 'Payment initiation failed'}
Successfully obtained M-Pesa access token
M-Pesa STK Push initiated for BK202507258319: {'MerchantRequestID': '2959-4156-8013-8a5afda9dfd219060', 'CheckoutRequestID': 'ws_CO_250720251008273700764847', 'ResponseCode': '0', 'ResponseDescription': 'Success. Request accepted for processing', 'CustomerMessage': 'Success. Request accepted for processing'}
M-Pesa payment initiated for booking BK202507258319
Booking created: BK202507258985 by admin16
Booking created successfully: ID=17, Number=BK202507258985
Booking deleted: BK202507258985 by admin16
Booking created: BK202507254970 by admin16
Booking created successfully: ID=18, Number=BK202507254970
Booking created: BK202507255704 by admin16
Booking created successfully: ID=19, Number=BK202507255704
Booking created: BK202507254898 by admin16
Booking created successfully: ID=20, Number=BK202507254898
Successfully obtained M-Pesa access token
M-Pesa STK Push initiated for BK202507254898: {'MerchantRequestID': '1472-4fc0-8bdd-8b91ee949549686', 'CheckoutRequestID': 'ws_CO_250720251048199700764847', 'ResponseCode': '0', 'ResponseDescription': 'Success. Request accepted for processing', 'CustomerMessage': 'Success. Request accepted for processing'}
M-Pesa payment initiated for booking BK202507254898
Booking created: BK202507251339 by Ochieng
Booking created successfully: ID=21, Number=BK202507251339
Successfully obtained M-Pesa access token
M-Pesa STK Push initiated for BK202507251339: {'MerchantRequestID': '8362-45a2-894d-3634011046213018', 'CheckoutRequestID': 'ws_CO_250720251500150700764847', 'ResponseCode': '0', 'ResponseDescription': 'Success. Request accepted for processing', 'CustomerMessage': 'Success. Request accepted for processing'}
M-Pesa payment initiated for booking BK202507251339
Booking deleted: BK202507251339 by Ochieng
Booking created: BK202507253993 by Ochieng
Booking created successfully: ID=22, Number=BK202507253993
Successfully obtained M-Pesa access token
M-Pesa STK Push initiated for BK202507253993: {'MerchantRequestID': '8a62-4761-a7cb-a3b488870e034567', 'CheckoutRequestID': 'ws_CO_250720251506121700764847', 'ResponseCode': '0', 'ResponseDescription': 'Success. Request accepted for processing', 'CustomerMessage': 'Success. Request accepted for processing'}
M-Pesa payment initiated for booking BK202507253993
Booking deleted: BK202507245639 by admin16
Booking deleted: BK202507255704 by admin16
Booking deleted: BK202507249603 by admin16
Booking deleted: BK202507244087 by admin16
Booking deleted: BK202507243808 by admin16
Booking deleted: BK202507254970 by admin16
Booking deleted: BK202507249413 by admin16
Booking created: BK202507251841 by wilbert
Booking created successfully: ID=23, Number=BK202507251841
Successfully obtained M-Pesa access token
M-Pesa STK Push initiated for BK202507251841: {'MerchantRequestID': 'd362-4a0d-b6cd-db69dac12bca1170', 'CheckoutRequestID': 'ws_CO_260720250057000793555995', 'ResponseCode': '0', 'ResponseDescription': 'Success. Request accepted for processing', 'CustomerMessage': 'Success. Request accepted for processing'}
M-Pesa payment initiated for booking BK202507251841
Successfully obtained M-Pesa access token
M-Pesa STK Push initiated for BK202507251841: {'MerchantRequestID': '8a62-4761-a7cb-a3b488870e0311384', 'CheckoutRequestID': 'ws_CO_260720250058467793555995', 'ResponseCode': '0', 'ResponseDescription': 'Success. Request accepted for processing', 'CustomerMessage': 'Success. Request accepted for processing'}
M-Pesa payment initiated for booking BK202507251841
Booking deleted: BK202507253993 by Ochieng
Booking created: BK202507264558 by Ochieng
Booking created successfully: ID=24, Number=BK202507264558
Booking created: BK202507268889 by Ochieng
Booking created successfully: ID=25, Number=BK202507268889
Successfully obtained M-Pesa access token
M-Pesa STK Push initiated for BK202507268889: {'MerchantRequestID': '3778-4596-a8da-618ae777d52e69', 'CheckoutRequestID': 'ws_CO_270720250052597758898113', 'ResponseCode': '0', 'ResponseDescription': 'Success. Request accepted for processing', 'CustomerMessage': 'Success. Request accepted for processing'}
M-Pesa payment initiated for booking BK202507268889
Booking deleted: BK202507264558 by Ochieng
Booking deleted: BK202507268889 by Ochieng
Booking created: BK202507261944 by Ochieng
Booking created successfully: ID=26, Number=BK202507261944
Successfully obtained M-Pesa access token
M-Pesa STK Push initiated for BK202507261944: {'MerchantRequestID': 'b2c4-44f9-86cc-a88dc0ccb009646', 'CheckoutRequestID': 'ws_CO_270720250151599758898113', 'ResponseCode': '0', 'ResponseDescription': 'Success. Request accepted for processing', 'CustomerMessage': 'Success. Request accepted for processing'}
M-Pesa payment initiated for booking BK202507261944
Booking created: BK202507279622 by Ochieng
Booking created successfully: ID=27, Number=BK202507279622
Successfully obtained M-Pesa access token
M-Pesa STK Push initiated for BK202507279622: {'MerchantRequestID': '9a9a-4a8d-875e-f288831c3b981533', 'CheckoutRequestID': 'ws_CO_270720250445201700764847', 'ResponseCode': '0', 'ResponseDescription': 'Success. Request accepted for processing', 'CustomerMessage': 'Success. Request accepted for processing'}
M-Pesa payment initiated for booking BK202507279622
Booking deleted: BK202507261944 by Ochieng
Booking deleted: BK202507258734 by admin16
Booking deleted: BK202507250956 by admin16
Booking deleted: BK202507258319 by admin16
Booking created: BK202507274820 by Ochieng
Booking created successfully: ID=28, Number=BK202507274820
Successfully obtained M-Pesa access token
M-Pesa STK Push initiated for BK202507274820: {'MerchantRequestID': 'e02b-436e-9773-c97354f3811f24915', 'CheckoutRequestID': 'ws_CO_270720251657472758898113', 'ResponseCode': '0', 'ResponseDescription': 'Success. Request accepted for processing', 'CustomerMessage': 'Success. Request accepted for processing'}
M-Pesa payment initiated for booking BK202507274820
Booking creation error: {'booking_date': [ErrorDetail(string='Booking date must be in the future.', code='invalid')]}
Booking creation error: {'booking_date': [ErrorDetail(string='Booking date must be in the future.', code='invalid')]}
Booking created: BK202507286578 by kieti
Booking created successfully: ID=29, Number=BK202507286578
Failed to get M-Pesa access token: HTTPSConnectionPool(host='sandbox.safaricom.co.ke', port=443): Max retries exceeded with url: /oauth/v1/generate?grant_type=client_credentials (Caused by NameResolutionError("<urllib3.connection.HTTPSConnection object at 0x0000021DC91A41A0>: Failed to resolve 'sandbox.safaricom.co.ke' ([Errno 11001] getaddrinfo failed)"))
M-Pesa STK Push failed for BK202507286578: Access token error: HTTPSConnectionPool(host='sandbox.safaricom.co.ke', port=443): Max retries exceeded with url: /oauth/v1/generate?grant_type=client_credentials (Caused by NameResolutionError("<urllib3.connection.HTTPSConnection object at 0x0000021DC91A41A0>: Failed to resolve 'sandbox.safaricom.co.ke' ([Errno 11001] getaddrinfo failed)"))
M-Pesa payment initiation failed for booking BK202507286578: {'success': False, 'error': 'Access token error: HTTPSConnectionPool(host=\'sandbox.safaricom.co.ke\', port=443): Max retries exceeded with url: /oauth/v1/generate?grant_type=client_credentials (Caused by NameResolutionError("<urllib3.connection.HTTPSConnection object at 0x0000021DC91A41A0>: Failed to resolve \'sandbox.safaricom.co.ke\' ([Errno 11001] getaddrinfo failed)"))', 'response_description': 'Payment initiation failed'}
Successfully obtained M-Pesa access token
M-Pesa STK Push initiated for BK202507286578: {'MerchantRequestID': '0d25-4804-ab7d-fb101aa12d4337820', 'CheckoutRequestID': 'ws_CO_280720251032573759417848', 'ResponseCode': '0', 'ResponseDescription': 'Success. Request accepted for processing', 'CustomerMessage': 'Success. Request accepted for processing'}
M-Pesa payment initiated for booking BK202507286578
Booking deleted: BK202507286578 by kieti
Booking created: BK202507280915 by kieti
Booking created successfully: ID=30, Number=BK202507280915
Successfully obtained M-Pesa access token
M-Pesa STK Push initiated for BK202507280915: {'MerchantRequestID': '0d25-4804-ab7d-fb101aa12d4337927', 'CheckoutRequestID': 'ws_CO_280720251040083700403398', 'ResponseCode': '0', 'ResponseDescription': 'Success. Request accepted for processing', 'CustomerMessage': 'Success. Request accepted for processing'}
M-Pesa payment initiated for booking BK202507280915
Booking created: BK202507302421 by admin16
Booking created successfully: ID=31, Number=BK202507302421
Successfully obtained M-Pesa access token
M-Pesa STK Push initiated for BK202507302421: {'MerchantRequestID': '9a9a-4a8d-875e-f288831c3b9862510', 'CheckoutRequestID': 'ws_CO_300720251217248112192208', 'ResponseCode': '0', 'ResponseDescription': 'Success. Request accepted for processing', 'CustomerMessage': 'Success. Request accepted for processing'}
M-Pesa payment initiated for booking BK202507302421
Booking created: BK202507301257 by admin16
Booking created successfully: ID=32, Number=BK202507301257
Successfully obtained M-Pesa access token
M-Pesa STK Push initiated for BK202507301257: {'MerchantRequestID': 'c7e4-42c0-b476-32053384902b12751', 'CheckoutRequestID': 'ws_CO_300720251251561700764847', 'ResponseCode': '0', 'ResponseDescription': 'Success. Request accepted for processing', 'CustomerMessage': 'Success. Request accepted for processing'}
M-Pesa payment initiated for booking BK202507301257
Booking creation error: {'booking_date': [ErrorDetail(string='Booking date must be in the future.', code='invalid')]}
Booking created: BK202507302262 by kfkfkg
Booking created successfully: ID=33, Number=BK202507302262
Successfully obtained M-Pesa access token
M-Pesa STK Push initiated for BK202507302262: {'MerchantRequestID': 'c7e4-42c0-b476-32053384902b16725', 'CheckoutRequestID': 'ws_CO_300720251525092700403398', 'ResponseCode': '0', 'ResponseDescription': 'Success. Request accepted for processing', 'CustomerMessage': 'Success. Request accepted for processing'}
M-Pesa payment initiated for booking BK202507302262
